0 info it worked if it ends with ok
1 verbose cli [ 'node', '/usr/local/bin/npm', 'run', 'build' ]
2 info using npm@1.4.28
3 info using node@v0.10.32
4 verbose run-script [ 'prebuild', 'build', 'postbuild' ]
5 info prebuild esri-leaflet-webpack@1.0.0
6 info build esri-leaflet-webpack@1.0.0
7 verbose unsafe-perm in lifecycle true
8 info esri-leaflet-webpack@1.0.0 Failed to exec build script
9 error esri-leaflet-webpack@1.0.0 build: `rm -rf build && ENV=prod webpack -p && cp ./src/{.htaccess,index.html} ./build/ && cp ./src/libs/*.js ./build/libs`
9 error Exit status 64
10 error Failed at the esri-leaflet-webpack@1.0.0 build script.
10 error This is most likely a problem with the esri-leaflet-webpack package,
10 error not with npm itself.
10 error Tell the author that this fails on your system:
10 error     rm -rf build && ENV=prod webpack -p && cp ./src/{.htaccess,index.html} ./build/ && cp ./src/libs/*.js ./build/libs
10 error You can get their info via:
10 error     npm owner ls esri-leaflet-webpack
10 error There is likely additional logging output above.
11 error System Darwin 14.0.0
12 error command "node" "/usr/local/bin/npm" "run" "build"
13 error cwd /Users/robert/Projects/github/esri-leaflet-webpack
14 error node -v v0.10.32
15 error npm -v 1.4.28
16 error code ELIFECYCLE
17 verbose exit [ 1, true ]
